<?xml version="1.0" encoding="UTF-8"?>
<!-- Generated by org.testng.reporters.JUnitReportReporter -->
<testsuite skipped="0" hostname="sanjeev-H110M-S2" name="com.socialmedia.social_media" tests="2" failures="0" timestamp="09 Feb 2019 06:19:42 GMT" time="66.058" errors="0">
  <testcase name="verifyTitle" time="34.983" classname="com.socialmedia.social_media"/>
  <testcase name="contactUsPage" time="31.075" classname="com.socialmedia.social_media"/>
</testsuite> <!-- com.socialmedia.social_media -->
