<?xml version="1.0" encoding="UTF-8"?>
<!-- Generated by org.testng.reporters.JUnitReportReporter -->
<testsuite skipped="0" hostname="sanjeev-H110M-S2" name="com.collegeprofile.Collegeprofile" tests="3" failures="0" timestamp="09 Feb 2019 06:19:42 GMT" time="28.171" errors="0">
  <testcase name="collegeviewPopUp" time="5.778" classname="com.collegeprofile.Collegeprofile"/>
  <testcase name="collegeProfileCard" time="5.741" classname="com.collegeprofile.Collegeprofile"/>
  <testcase name="downloadBrochure" time="16.652" classname="com.collegeprofile.Collegeprofile"/>
</testsuite> <!-- com.collegeprofile.Collegeprofile -->
