<?xml version="1.0" encoding="UTF-8"?>
<!-- Generated by org.testng.reporters.JUnitReportReporter -->
<testsuite skipped="0" hostname="sanjeev-H110M-S2" name="com.homepage.testhomepage" tests="2" failures="0" timestamp="09 Feb 2019 06:19:42 GMT" time="14.159" errors="0">
  <testcase name="Logo" time="4.840" classname="com.homepage.testhomepage"/>
  <testcase name="LogINPopUp" time="9.319" classname="com.homepage.testhomepage"/>
</testsuite> <!-- com.homepage.testhomepage -->
