<?xml version="1.0" encoding="UTF-8"?>
<!-- Generated by org.testng.reporters.JUnitReportReporter -->
<testsuite skipped="0" hostname="sanjeev-H110M-S2" name="com.searchpage.Searchpage" tests="2" failures="0" timestamp="09 Feb 2019 06:19:42 GMT" time="21.849" errors="0">
  <testcase name="Collegecardviewmore" time="11.242" classname="com.searchpage.Searchpage"/>
  <testcase name="Collegecard" time="10.607" classname="com.searchpage.Searchpage"/>
</testsuite> <!-- com.searchpage.Searchpage -->
