<?xml version="1.0" encoding="UTF-8"?>
<!-- Generated by org.testng.reporters.JUnitReportReporter -->
<testsuite skipped="0" hostname="sanjeev-H110M-S2" name="com.loginpopup.Loginpopup" tests="6" failures="0" timestamp="09 Feb 2019 06:19:42 GMT" time="40.043" errors="0">
  <testcase name="loginWriteReviewbtn" time="7.541" classname="com.loginpopup.Loginpopup"/>
  <testcase name="loginContactbtn" time="8.043" classname="com.loginpopup.Loginpopup"/>
  <testcase name="loginHomePage" time="5.320" classname="com.loginpopup.Loginpopup"/>
  <testcase name="loginAskbtn" time="7.630" classname="com.loginpopup.Loginpopup"/>
  <testcase name="logindownBrochurbtn" time="7.915" classname="com.loginpopup.Loginpopup"/>
  <testcase name="samplePaperLoingPupUp" time="3.594" classname="com.loginpopup.Loginpopup"/>
</testsuite> <!-- com.loginpopup.Loginpopup -->
